{
  "RSpec": {
    "coverage": {
      "/mnt/c/Users/blake/SELT_2025/Giftwise/giftwiseproject-selt_2025_team_03/app/helpers/application_helper.rb": {
        "lines": [
          1,
          null
        ]
      },
      "/mnt/c/Users/blake/SELT_2025/Giftwise/giftwiseproject-selt_2025_team_03/app/helpers/dashboard_helper.rb": {
        "lines": [
          1,
          null
        ]
      },
      "/mnt/c/Users/blake/SELT_2025/Giftwise/giftwiseproject-selt_2025_team_03/app/helpers/gift_ideas_helper.rb": {
        "lines": [
          1,
          null
        ]
      },
      "/mnt/c/Users/blake/SELT_2025/Giftwise/giftwiseproject-selt_2025_team_03/app/helpers/icons_helper.rb": {
        "lines": [
          null,
          1,
          1,
          0,
          null,
          null,
          null,
          null
        ]
      },
      "/mnt/c/Users/blake/SELT_2025/Giftwise/giftwiseproject-selt_2025_team_03/app/helpers/pages_helper.rb": {
        "lines": [
          1,
          null
        ]
      },
      "/mnt/c/Users/blake/SELT_2025/Giftwise/giftwiseproject-selt_2025_team_03/app/controllers/dashboard_controller.rb": {
        "lines": [
          1,
          1,
          1,
          6,
          6,
          6,
          6,
          6,
          12,
          null,
          null,
          6,
          6,
          6,
          null,
          null,
          null
        ]
      },
      "/mnt/c/Users/blake/SELT_2025/Giftwise/giftwiseproject-selt_2025_team_03/app/controllers/application_controller.rb": {
        "lines": [
          1,
          1,
          1,
          1,
          29,
          null,
          null,
          1,
          16,
          null,
          null,
          1,
          16,
          5,
          null,
          null,
          1,
          0,
          null,
          null
        ]
      },
      "/mnt/c/Users/blake/SELT_2025/Giftwise/giftwiseproject-selt_2025_team_03/app/controllers/events_controller.rb": {
        "lines": [
          1,
          1,
          1,
          null,
          1,
          0,
          null,
          null,
          1,
          0,
          null,
          0,
          0,
          null,
          null,
          null,
          null,
          0,
          null,
          null,
          0,
          null,
          null,
          0,
          null,
          null,
          null,
          null,
          null,
          null,
          null,
          null,
          null,
          null,
          null,
          null,
          1,
          null,
          null,
          null,
          1,
          0,
          0,
          null,
          null,
          1,
          0,
          null,
          0,
          0,
          0,
          0,
          null,
          null,
          null,
          0,
          null,
          0,
          0,
          null,
          null,
          null,
          1,
          0,
          null,
          null,
          1,
          0,
          null,
          0,
          0,
          0,
          0,
          null,
          null,
          null,
          0,
          null,
          0,
          0,
          null,
          null,
          null,
          1,
          0,
          null,
          0,
          0,
          0,
          null,
          null,
          null,
          1,
          null,
          1,
          0,
          null,
          null,
          1,
          0,
          null,
          null
        ]
      },
      "/mnt/c/Users/blake/SELT_2025/Giftwise/giftwiseproject-selt_2025_team_03/app/controllers/gift_ideas_controller.rb": {
        "lines": [
          1,
          1,
          1,
          1,
          null,
          1,
          0,
          null,
          null,
          0,
          null,
          null,
          null,
          0,
          0,
          0,
          null,
          null,
          null,
          1,
          0,
          null,
          null,
          0,
          null,
          null,
          null,
          0,
          0,
          null,
          0,
          null,
          null,
          0,
          null,
          null,
          0,
          null,
          null,
          null,
          null,
          null,
          null,
          null,
          null,
          null,
          null,
          null,
          null,
          null,
          null,
          1,
          0,
          null,
          null,
          1,
          0,
          0,
          null,
          null,
          null,
          null,
          1,
          0,
          null,
          null,
          0,
          0,
          0,
          0,
          0,
          null,
          null,
          0,
          0,
          null,
          0,
          0,
          null,
          null,
          null,
          1,
          0,
          null,
          null,
          null,
          null,
          1,
          null,
          0,
          0,
          0,
          0,
          0,
          null,
          null,
          0,
          0,
          null,
          0,
          0,
          null,
          null,
          null,
          1,
          0,
          null,
          0,
          0,
          0,
          null,
          null,
          null,
          1,
          null,
          1,
          0,
          null,
          null,
          1,
          0,
          null,
          null,
          1,
          0,
          null,
          null,
          null,
          null,
          1,
          0,
          null,
          0,
          0,
          null,
          null,
          0,
          0,
          0,
          null,
          0,
          null,
          null,
          null,
          0,
          0,
          null,
          null,
          0,
          null,
          0,
          null,
          null,
          0,
          null,
          null
        ]
      },
      "/mnt/c/Users/blake/SELT_2025/Giftwise/giftwiseproject-selt_2025_team_03/app/controllers/recipients_controller.rb": {
        "lines": [
          1,
          1,
          1,
          1,
          1,
          2,
          null,
          null,
          2,
          0,
          0,
          null,
          null,
          null,
          1,
          3,
          3,
          2,
          2,
          null,
          1,
          null,
          null,
          1,
          null,
          1,
          0,
          0,
          null,
          null,
          1,
          0,
          0,
          0,
          0,
          null,
          0,
          0,
          null,
          null,
          null,
          1,
          0,
          null,
          null,
          1,
          0,
          0,
          0,
          null,
          0,
          0,
          null,
          null,
          null,
          1,
          0,
          0,
          null,
          null,
          1,
          1,
          null,
          1,
          0,
          null,
          1,
          0,
          null,
          1,
          0,
          0,
          0,
          null,
          0,
          null,
          null,
          1,
          5,
          null,
          null,
          null,
          null
        ]
      },
      "/mnt/c/Users/blake/SELT_2025/Giftwise/giftwiseproject-selt_2025_team_03/app/controllers/users_controller.rb": {
        "lines": [
          1,
          1,
          1,
          1,
          1,
          null,
          0,
          null,
          1,
          0,
          null,
          1,
          0,
          0,
          0,
          null,
          0,
          0,
          null,
          null,
          1,
          2,
          null,
          1,
          5,
          5,
          3,
          3,
          null,
          2,
          2,
          null,
          null,
          1,
          0,
          0,
          0,
          null,
          null,
          null,
          0,
          null,
          null,
          1,
          0,
          0,
          0,
          null,
          0,
          null,
          null,
          1,
          1,
          0,
          null,
          1,
          0,
          null,
          0,
          null,
          1,
          5,
          null,
          null
        ]
      },
      "/mnt/c/Users/blake/SELT_2025/Giftwise/giftwiseproject-selt_2025_team_03/app/models/event_recipient.rb": {
        "lines": [
          1,
          1,
          1,
          1,
          null,
          1,
          null
        ]
      },
      "/mnt/c/Users/blake/SELT_2025/Giftwise/giftwiseproject-selt_2025_team_03/app/models/application_record.rb": {
        "lines": [
          1,
          1,
          null
        ]
      },
      "/mnt/c/Users/blake/SELT_2025/Giftwise/giftwiseproject-selt_2025_team_03/app/models/event.rb": {
        "lines": [
          1,
          1,
          1,
          1,
          1,
          null,
          1,
          1,
          1,
          null,
          null,
          8,
          2,
          null,
          1,
          2,
          null,
          null,
          1,
          9,
          null,
          null,
          1,
          1,
          null,
          null,
          1,
          2,
          1,
          null,
          null
        ]
      },
      "/mnt/c/Users/blake/SELT_2025/Giftwise/giftwiseproject-selt_2025_team_03/app/models/gift_idea.rb": {
        "lines": [
          1,
          1,
          1,
          null,
          1,
          1,
          1,
          1,
          null,
          1,
          1,
          1,
          15,
          null,
          null,
          null
        ]
      },
      "/mnt/c/Users/blake/SELT_2025/Giftwise/giftwiseproject-selt_2025_team_03/app/models/recipient.rb": {
        "lines": [
          null,
          null,
          null,
          null,
          null,
          null,
          null,
          null,
          null,
          null,
          null,
          null,
          null,
          null,
          1,
          1,
          null,
          1,
          1,
          1,
          null,
          1,
          null,
          null,
          1,
          1,
          null
        ]
      },
      "/mnt/c/Users/blake/SELT_2025/Giftwise/giftwiseproject-selt_2025_team_03/app/models/user.rb": {
        "lines": [
          null,
          null,
          null,
          null,
          null,
          null,
          null,
          null,
          null,
          null,
          null,
          null,
          null,
          null,
          null,
          null,
          null,
          null,
          null,
          null,
          null,
          null,
          1,
          1,
          1,
          1,
          null,
          1,
          1,
          1,
          1,
          1,
          null,
          1,
          1,
          1,
          104,
          null,
          null,
          null
        ]
      },
      "/mnt/c/Users/blake/SELT_2025/Giftwise/giftwiseproject-selt_2025_team_03/app/channels/application_cable/channel.rb": {
        "lines": [
          0,
          0,
          0,
          0
        ],
        "branches": {
        }
      },
      "/mnt/c/Users/blake/SELT_2025/Giftwise/giftwiseproject-selt_2025_team_03/app/channels/application_cable/connection.rb": {
        "lines": [
          0,
          0,
          0,
          0
        ],
        "branches": {
        }
      },
      "/mnt/c/Users/blake/SELT_2025/Giftwise/giftwiseproject-selt_2025_team_03/app/controllers/sessions_controller.rb": {
        "lines": [
          0,
          0,
          null,
          0,
          null,
          0,
          0,
          0,
          0,
          0,
          0,
          0,
          0,
          0,
          0,
          0,
          null,
          0,
          0,
          0,
          0,
          0
        ],
        "branches": {
        }
      },
      "/mnt/c/Users/blake/SELT_2025/Giftwise/giftwiseproject-selt_2025_team_03/app/jobs/application_job.rb": {
        "lines": [
          0,
          null,
          null,
          null,
          null,
          null,
          0
        ],
        "branches": {
        }
      },
      "/mnt/c/Users/blake/SELT_2025/Giftwise/giftwiseproject-selt_2025_team_03/app/mailers/application_mailer.rb": {
        "lines": [
          0,
          0,
          0,
          0
        ],
        "branches": {
        }
      },
      "/mnt/c/Users/blake/SELT_2025/Giftwise/giftwiseproject-selt_2025_team_03/app/models/friendship.rb": {
        "lines": [
          0,
          0,
          null,
          0,
          0,
          0
        ],
        "branches": {
        }
      }
    },
    "timestamp": 1765260963
  }
}
