{
  "RSpec": {
    "coverage": {
      "/mnt/c/Users/blake/SELT_2025/Giftwise/giftwiseproject-selt_2025_team_03/app/helpers/application_helper.rb": {
        "lines": [
          1,
          null
        ]
      },
      "/mnt/c/Users/blake/SELT_2025/Giftwise/giftwiseproject-selt_2025_team_03/app/helpers/dashboard_helper.rb": {
        "lines": [
          1,
          null
        ]
      },
      "/mnt/c/Users/blake/SELT_2025/Giftwise/giftwiseproject-selt_2025_team_03/app/helpers/gift_ideas_helper.rb": {
        "lines": [
          1,
          null
        ]
      },
      "/mnt/c/Users/blake/SELT_2025/Giftwise/giftwiseproject-selt_2025_team_03/app/helpers/icons_helper.rb": {
        "lines": [
          null,
          1,
          1,
          29,
          null,
          null,
          null,
          null
        ]
      },
      "/mnt/c/Users/blake/SELT_2025/Giftwise/giftwiseproject-selt_2025_team_03/app/helpers/pages_helper.rb": {
        "lines": [
          1,
          null
        ]
      },
      "/mnt/c/Users/blake/SELT_2025/Giftwise/giftwiseproject-selt_2025_team_03/app/helpers/sidebar_helper.rb": {
        "lines": [
          1,
          1,
          10,
          3,
          7,
          0,
          7,
          0,
          7,
          3,
          null,
          4,
          null,
          null,
          null
        ]
      },
      "/mnt/c/Users/blake/SELT_2025/Giftwise/giftwiseproject-selt_2025_team_03/app/controllers/dashboard_controller.rb": {
        "lines": [
          1,
          1,
          null,
          1,
          20,
          20,
          20,
          20,
          20,
          35,
          null,
          null,
          20,
          null,
          null,
          20,
          null,
          null,
          20,
          20,
          20,
          null,
          null,
          20,
          20,
          22,
          null,
          null,
          null,
          1,
          null,
          1,
          20,
          20,
          null,
          null,
          20,
          null,
          null,
          null,
          null,
          null,
          20,
          20,
          163,
          null,
          null,
          20,
          7,
          7,
          null,
          null,
          null,
          20,
          20,
          163,
          null,
          null,
          null,
          null
        ]
      },
      "/mnt/c/Users/blake/SELT_2025/Giftwise/giftwiseproject-selt_2025_team_03/app/controllers/application_controller.rb": {
        "lines": [
          1,
          1,
          1,
          1,
          268,
          null,
          null,
          1,
          127,
          null,
          null,
          1,
          111,
          18,
          null,
          null,
          1,
          16,
          null,
          null
        ]
      },
      "/mnt/c/Users/blake/SELT_2025/Giftwise/giftwiseproject-selt_2025_team_03/app/controllers/events_controller.rb": {
        "lines": [
          1,
          1,
          1,
          null,
          1,
          null,
          2,
          null,
          null,
          null,
          2,
          null,
          null,
          null,
          1,
          4,
          null,
          4,
          4,
          null,
          null,
          null,
          null,
          0,
          null,
          null,
          4,
          null,
          null,
          3,
          null,
          null,
          null,
          null,
          null,
          null,
          null,
          null,
          null,
          null,
          null,
          null,
          1,
          null,
          null,
          null,
          1,
          1,
          1,
          null,
          null,
          1,
          4,
          null,
          4,
          2,
          1,
          1,
          null,
          null,
          null,
          2,
          null,
          2,
          2,
          null,
          null,
          null,
          1,
          0,
          null,
          null,
          1,
          3,
          null,
          2,
          1,
          1,
          1,
          null,
          null,
          null,
          2,
          null,
          1,
          1,
          null,
          null,
          null,
          1,
          0,
          null,
          0,
          0,
          0,
          null,
          null,
          null,
          1,
          null,
          1,
          6,
          null,
          null,
          1,
          7,
          null,
          null
        ]
      },
      "/mnt/c/Users/blake/SELT_2025/Giftwise/giftwiseproject-selt_2025_team_03/app/controllers/gift_ideas_controller.rb": {
        "lines": [
          1,
          null,
          1,
          null,
          1,
          null,
          1,
          null,
          1,
          null,
          1,
          5,
          null,
          null,
          5,
          1,
          1,
          null,
          null,
          null,
          1,
          2,
          null,
          2,
          null,
          null,
          2,
          1,
          null,
          1,
          null,
          null,
          null,
          2,
          null,
          null,
          3,
          null,
          null,
          null,
          null,
          null,
          null,
          null,
          null,
          null,
          null,
          null,
          null,
          null,
          null,
          1,
          2,
          null,
          null,
          1,
          2,
          null,
          null,
          1,
          8,
          null,
          8,
          3,
          null,
          null,
          8,
          3,
          null,
          5,
          null,
          null,
          null,
          1,
          null,
          null,
          1,
          6,
          3,
          null,
          null,
          4,
          1,
          null,
          3,
          null,
          null,
          null,
          1,
          3,
          null,
          null,
          3,
          5,
          4,
          null,
          null,
          null,
          1,
          null,
          1,
          12,
          null,
          1,
          null,
          null,
          1,
          14,
          null,
          null,
          null,
          1,
          7,
          null,
          null,
          null,
          null,
          null,
          1,
          16,
          null,
          null,
          null,
          null,
          null
        ]
      },
      "/mnt/c/Users/blake/SELT_2025/Giftwise/giftwiseproject-selt_2025_team_03/app/controllers/recipients_controller.rb": {
        "lines": [
          1,
          1,
          1,
          1,
          null,
          1,
          2,
          null,
          2,
          1,
          1,
          null,
          null,
          null,
          1,
          2,
          null,
          2,
          1,
          1,
          null,
          1,
          null,
          null,
          2,
          2,
          2,
          null,
          null,
          3,
          null,
          null,
          null,
          null,
          null,
          null,
          null,
          null,
          2,
          null,
          null,
          null,
          1,
          null,
          null,
          1,
          2,
          2,
          null,
          2,
          null,
          1,
          1,
          1,
          1,
          1,
          null,
          null,
          null,
          null,
          null,
          null,
          1,
          6,
          6,
          null,
          6,
          null,
          6,
          4,
          null,
          2,
          null,
          2,
          2,
          null,
          0,
          null,
          2,
          null,
          null,
          null,
          1,
          0,
          null,
          null,
          1,
          3,
          3,
          null,
          3,
          2,
          null,
          1,
          1,
          null,
          null,
          null,
          1,
          2,
          2,
          3,
          3,
          null,
          null,
          null,
          1,
          null,
          1,
          9,
          null,
          null,
          1,
          6,
          null,
          null,
          1,
          9,
          null,
          null,
          9,
          18,
          null,
          null,
          9,
          null,
          null,
          1,
          4,
          null,
          null,
          null,
          null
        ]
      },
      "/mnt/c/Users/blake/SELT_2025/Giftwise/giftwiseproject-selt_2025_team_03/app/controllers/sessions_controller.rb": {
        "lines": [
          1,
          1,
          null,
          1,
          null,
          1,
          15,
          15,
          15,
          14,
          14,
          null,
          1,
          1,
          null,
          null,
          null,
          1,
          3,
          3,
          null,
          null
        ]
      },
      "/mnt/c/Users/blake/SELT_2025/Giftwise/giftwiseproject-selt_2025_team_03/app/controllers/users_controller.rb": {
        "lines": [
          1,
          1,
          1,
          1,
          null,
          1,
          null,
          0,
          null,
          1,
          1,
          null,
          1,
          2,
          2,
          1,
          null,
          1,
          1,
          null,
          null,
          1,
          1,
          null,
          1,
          2,
          2,
          1,
          1,
          null,
          1,
          1,
          null,
          null,
          1,
          2,
          2,
          1,
          null,
          null,
          null,
          1,
          null,
          null,
          1,
          2,
          1,
          1,
          1,
          null,
          null,
          null,
          null,
          1,
          null,
          null,
          null,
          1,
          0,
          null,
          null,
          1,
          2,
          2,
          0,
          0,
          null,
          null,
          2,
          2,
          0,
          null,
          0,
          null,
          2,
          2,
          null,
          2,
          2,
          2,
          2,
          2,
          2,
          null,
          null,
          2,
          1,
          null,
          null,
          1,
          null,
          null,
          2,
          null,
          null,
          1,
          null,
          1,
          2,
          null,
          1,
          0,
          null,
          0,
          null,
          1,
          4,
          4,
          3,
          3,
          null,
          4,
          null,
          null,
          null
        ]
      },
      "/mnt/c/Users/blake/SELT_2025/Giftwise/giftwiseproject-selt_2025_team_03/app/models/event_recipient.rb": {
        "lines": [
          1,
          1,
          1,
          null,
          1,
          null,
          1,
          1,
          1,
          1,
          null
        ]
      },
      "/mnt/c/Users/blake/SELT_2025/Giftwise/giftwiseproject-selt_2025_team_03/app/models/application_record.rb": {
        "lines": [
          1,
          1,
          null
        ]
      },
      "/mnt/c/Users/blake/SELT_2025/Giftwise/giftwiseproject-selt_2025_team_03/app/models/event.rb": {
        "lines": [
          1,
          1,
          1,
          1,
          null,
          null,
          null,
          null,
          1,
          null,
          1,
          1,
          1,
          1,
          1,
          null,
          null,
          22,
          3,
          null,
          1,
          6,
          null,
          null,
          1,
          25,
          null,
          null,
          1,
          3,
          null,
          null,
          1,
          6,
          3,
          null,
          null
        ]
      },
      "/mnt/c/Users/blake/SELT_2025/Giftwise/giftwiseproject-selt_2025_team_03/app/models/gift_idea.rb": {
        "lines": [
          1,
          1,
          1,
          null,
          1,
          1,
          1,
          1,
          null,
          1,
          null,
          1,
          null,
          1,
          122,
          null,
          null,
          1,
          null,
          1,
          111,
          null,
          null,
          1,
          26,
          null,
          22,
          null,
          22,
          21,
          null,
          null,
          null,
          null,
          null,
          21,
          3,
          3,
          null,
          null,
          null,
          19,
          4,
          null,
          null,
          null,
          null,
          4,
          1,
          null,
          null,
          null,
          null
        ]
      },
      "/mnt/c/Users/blake/SELT_2025/Giftwise/giftwiseproject-selt_2025_team_03/app/models/recipient.rb": {
        "lines": [
          1,
          1,
          null,
          1,
          null,
          1,
          1,
          1,
          null,
          1,
          null,
          null,
          null,
          null,
          null,
          null,
          null,
          null,
          2,
          2,
          null
        ]
      },
      "/mnt/c/Users/blake/SELT_2025/Giftwise/giftwiseproject-selt_2025_team_03/app/models/user.rb": {
        "lines": [
          null,
          null,
          null,
          null,
          null,
          null,
          null,
          null,
          null,
          null,
          null,
          null,
          null,
          null,
          null,
          null,
          null,
          null,
          null,
          null,
          null,
          null,
          1,
          1,
          1,
          null,
          null,
          1,
          1,
          1,
          1,
          1,
          null,
          null,
          1,
          null,
          1,
          null,
          null,
          null,
          null,
          1,
          null,
          null,
          null,
          null,
          1,
          null,
          null,
          null,
          1,
          1,
          1,
          219,
          null,
          null
        ]
      },
      "/mnt/c/Users/blake/SELT_2025/Giftwise/giftwiseproject-selt_2025_team_03/app/models/event_invitation.rb": {
        "lines": [
          1,
          1,
          1,
          1,
          null,
          1,
          null,
          null,
          null,
          null,
          1,
          null
        ]
      },
      "/mnt/c/Users/blake/SELT_2025/Giftwise/giftwiseproject-selt_2025_team_03/app/channels/application_cable/channel.rb": {
        "lines": [
          0,
          0,
          0,
          0
        ],
        "branches": {
        }
      },
      "/mnt/c/Users/blake/SELT_2025/Giftwise/giftwiseproject-selt_2025_team_03/app/channels/application_cable/connection.rb": {
        "lines": [
          0,
          0,
          0,
          0
        ],
        "branches": {
        }
      },
      "/mnt/c/Users/blake/SELT_2025/Giftwise/giftwiseproject-selt_2025_team_03/app/controllers/event_invitations_controller.rb": {
        "lines": [
          null,
          0,
          0,
          null,
          0,
          0,
          0,
          0,
          0,
          0,
          0,
          0,
          0,
          0,
          0,
          0,
          0,
          0,
          0,
          0,
          0
        ],
        "branches": {
        }
      },
      "/mnt/c/Users/blake/SELT_2025/Giftwise/giftwiseproject-selt_2025_team_03/app/jobs/application_job.rb": {
        "lines": [
          0,
          null,
          null,
          null,
          null,
          null,
          0
        ],
        "branches": {
        }
      },
      "/mnt/c/Users/blake/SELT_2025/Giftwise/giftwiseproject-selt_2025_team_03/app/mailers/application_mailer.rb": {
        "lines": [
          0,
          0,
          0,
          0
        ],
        "branches": {
        }
      },
      "/mnt/c/Users/blake/SELT_2025/Giftwise/giftwiseproject-selt_2025_team_03/app/models/friendship.rb": {
        "lines": [
          0,
          0,
          null,
          0,
          0,
          0
        ],
        "branches": {
        }
      }
    },
    "timestamp": 1765691992
  }
}
